TN:
SF:app.js
FN:62,extractDomainFromUrl
FN:77,authenticateInternalAPI
FN:134,(anonymous_2)
FN:154,(anonymous_3)
FN:181,validatePagination
FN:231,calculatePaginationMeta
FN:307,(anonymous_6)
FN:379,(anonymous_7)
FN:480,(anonymous_8)
FN:592,(anonymous_9)
FNF:10
FNH:9
FNDA:14,extractDomainFromUrl
FNDA:24,authenticateInternalAPI
FNDA:0,(anonymous_2)
FNDA:1,(anonymous_3)
FNDA:47,validatePagination
FNDA:38,calculatePaginationMeta
FNDA:23,(anonymous_6)
FNDA:20,(anonymous_7)
FNDA:4,(anonymous_8)
FNDA:21,(anonymous_9)
DA:13,3
DA:14,3
DA:15,3
DA:16,3
DA:17,3
DA:18,3
DA:19,3
DA:20,3
DA:21,3
DA:27,3
DA:33,3
DA:34,3
DA:41,3
DA:50,3
DA:51,3
DA:63,14
DA:64,14
DA:65,13
DA:67,1
DA:78,24
DA:80,24
DA:81,2
DA:87,22
DA:89,22
DA:90,1
DA:96,21
DA:103,3
DA:106,3
DA:126,3
DA:134,3
DA:135,0
DA:136,0
DA:154,3
DA:155,1
DA:156,1
DA:162,0
DA:183,47
DA:184,47
DA:185,47
DA:186,47
DA:187,47
DA:190,47
DA:191,47
DA:194,47
DA:195,2
DA:197,47
DA:198,2
DA:202,47
DA:203,4
DA:207,43
DA:208,4
DA:212,39
DA:214,39
DA:232,38
DA:233,38
DA:234,38
DA:236,38
DA:307,3
DA:308,23
DA:309,23
DA:313,23
DA:314,23
DA:316,4
DA:325,19
DA:330,19
DA:331,0
DA:332,0
DA:339,19
DA:342,19
DA:345,19
DA:352,19
DA:353,0
DA:354,0
DA:362,19
DA:369,0
DA:370,0
DA:379,3
DA:380,20
DA:381,20
DA:382,20
DA:386,20
DA:387,20
DA:389,3
DA:398,17
DA:403,17
DA:404,1
DA:405,1
DA:413,16
DA:416,16
DA:423,16
DA:424,0
DA:425,0
DA:434,16
DA:437,16
DA:445,0
DA:446,0
DA:480,3
DA:481,4
DA:482,4
DA:486,4
DA:487,4
DA:489,1
DA:498,3
DA:502,3
DA:503,0
DA:504,0
DA:512,3
DA:515,3
DA:521,3
DA:522,0
DA:523,0
DA:532,3
DA:535,3
DA:543,0
DA:544,0
DA:592,3
DA:593,21
DA:594,21
DA:597,21
DA:598,5
DA:607,16
DA:608,1
DA:615,15
DA:616,1
DA:624,14
DA:627,14
DA:638,14
DA:644,14
DA:645,0
DA:648,0
DA:649,0
DA:657,0
DA:666,14
DA:678,14
DA:681,0
DA:682,0
DA:694,3
LF:137
LH:112
BRDA:50,0,0,3
BRDA:50,0,1,3
BRDA:51,1,0,3
BRDA:51,1,1,3
BRDA:80,2,0,2
BRDA:80,2,1,22
BRDA:80,3,0,24
BRDA:80,3,1,23
BRDA:89,4,0,1
BRDA:89,4,1,21
BRDA:190,5,0,26
BRDA:190,5,1,21
BRDA:191,6,0,37
BRDA:191,6,1,10
BRDA:194,7,0,2
BRDA:194,7,1,45
BRDA:197,8,0,2
BRDA:197,8,1,45
BRDA:202,9,0,4
BRDA:202,9,1,43
BRDA:207,10,0,4
BRDA:207,10,1,39
BRDA:207,11,0,43
BRDA:207,11,1,41
BRDA:330,12,0,0
BRDA:330,12,1,19
BRDA:339,13,0,19
BRDA:339,13,1,0
BRDA:352,14,0,0
BRDA:352,14,1,19
BRDA:364,15,0,19
BRDA:364,15,1,0
BRDA:403,16,0,1
BRDA:403,16,1,16
BRDA:413,17,0,16
BRDA:413,17,1,1
BRDA:423,18,0,0
BRDA:423,18,1,16
BRDA:440,19,0,16
BRDA:440,19,1,0
BRDA:502,20,0,0
BRDA:502,20,1,3
BRDA:512,21,0,3
BRDA:512,21,1,0
BRDA:521,22,0,0
BRDA:521,22,1,3
BRDA:537,23,0,3
BRDA:537,23,1,0
BRDA:597,24,0,5
BRDA:597,24,1,16
BRDA:597,25,0,21
BRDA:597,25,1,19
BRDA:597,25,2,18
BRDA:597,25,3,17
BRDA:607,26,0,1
BRDA:607,26,1,15
BRDA:615,27,0,1
BRDA:615,27,1,14
BRDA:644,28,0,0
BRDA:644,28,1,14
BRDA:648,29,0,0
BRDA:648,29,1,0
BRF:62
BRH:49
end_of_record
